step.train_irn: Sat Jun  4 17:35:01 2022
Resnet50
/home/bswart/.local/lib/python3.6/site-packages/torch/nn/parallel/data_parallel.py:30: UserWarning: 
    There is an imbalance between your GPUs. You may want to exclude GPU 1 which
    has less than 75% of the memory or cores of GPU 2. You can do so by setting
    the device_ids argument to DataParallel, or by setting the CUDA_VISIBLE_DEVICES
    environment variable.
  warnings.warn(imbalance_warn.format(device_ids[min_pos], device_ids[max_pos]))
Epoch 1/3
step:    0/  990 loss:0.6116 0.7560  4.0906  0.1739  imps:1.7 lr: 0.1000 etc:Sat Jun  4 22:42:34 2022 
step:   50/  990 loss:0.5735 0.5104  4.0409  0.0320  imps:25.0 lr: 0.0954 etc:Sat Jun  4 17:56:13 2022 
step:  100/  990 loss:0.4441 0.3904  3.8826  0.1161  imps:28.8 lr: 0.0909 etc:Sat Jun  4 17:53:25 2022 
step:  150/  990 loss:0.4234 0.3727  3.7514  0.1345  imps:30.4 lr: 0.0863 etc:Sat Jun  4 17:52:28 2022 
step:  200/  990 loss:0.4250 0.3722  3.6496  0.1421  imps:31.3 lr: 0.0816 etc:Sat Jun  4 17:52:01 2022 
step:  250/  990 loss:0.4024 0.3608  3.6140  0.1377  imps:31.8 lr: 0.0770 etc:Sat Jun  4 17:51:44 2022 
step:  300/  990 loss:0.3990 0.3498  3.5627  0.1430  imps:32.1 lr: 0.0723 etc:Sat Jun  4 17:51:33 2022 
Epoch 2/3
step:  350/  990 loss:0.4030 0.3515  3.4412  0.1929  imps:26.0 lr: 0.0675 etc:Sat Jun  4 17:51:40 2022 
step:  400/  990 loss:0.3940 0.3438  3.3359  0.2030  imps:31.6 lr: 0.0628 etc:Sat Jun  4 17:51:30 2022 
step:  450/  990 loss:0.3946 0.3433  3.2354  0.2151  imps:32.9 lr: 0.0580 etc:Sat Jun  4 17:51:22 2022 
step:  500/  990 loss:0.3927 0.3441  3.2245  0.1966  imps:33.3 lr: 0.0531 etc:Sat Jun  4 17:51:16 2022 
step:  550/  990 loss:0.3859 0.3385  3.2177  0.2044  imps:33.6 lr: 0.0482 etc:Sat Jun  4 17:51:11 2022 
step:  600/  990 loss:0.3806 0.3279  3.1848  0.2071  imps:33.8 lr: 0.0432 etc:Sat Jun  4 17:51:07 2022 
step:  650/  990 loss:0.3691 0.3148  3.1243  0.2036  imps:33.9 lr: 0.0382 etc:Sat Jun  4 17:51:04 2022 
Epoch 3/3
step:  700/  990 loss:0.3746 0.3299  3.1366  0.2022  imps:29.5 lr: 0.0331 etc:Sat Jun  4 17:51:10 2022 
step:  750/  990 loss:0.3738 0.3209  3.1187  0.1929  imps:32.1 lr: 0.0279 etc:Sat Jun  4 17:51:07 2022 
step:  800/  990 loss:0.3848 0.3319  3.0924  0.1896  imps:32.9 lr: 0.0226 etc:Sat Jun  4 17:51:04 2022 
step:  850/  990 loss:0.3811 0.3357  3.0718  0.1884  imps:33.3 lr: 0.0172 etc:Sat Jun  4 17:51:02 2022 
step:  900/  990 loss:0.3822 0.3296  3.1174  0.1886  imps:33.5 lr: 0.0116 etc:Sat Jun  4 17:51:00 2022 
step:  950/  990 loss:0.3722 0.3243  3.0691  0.1875  imps:33.6 lr: 0.0056 etc:Sat Jun  4 17:50:59 2022 
Analyzing displacements mean ... done.
step.make_ins_seg_labels: Sat Jun  4 17:57:14 2022
Resnet50
[ 0 5 10 15 20 25 30 35 40 45 50 55 60 65 70 75 80 85 90 95 100 ]/home/bswart/.local/lib/python3.6/site-packages/pkg_resources/__init__.py:119: PkgResourcesDeprecationWarning: 0.18ubuntu0.18.04.1 is an invalid version and will not be supported in a future release
  PkgResourcesDeprecationWarning,
0.5iou:{'ap': array([0.39715207, 0.00202634, 0.5654639 , 0.34876392, 0.15102234,
       0.61048723, 0.3637204 , 0.70200044, 0.0676361 , 0.54147408,
       0.19147512, 0.62435406, 0.52989748, 0.48760967, 0.1783502 ,
       0.06270483, 0.35375707, 0.32871444, 0.58057527, 0.3945846 ]), 'map': 0.3740884790419089}
step.eval_ins_seg: Sat Jun  4 18:27:50 2022
step.eval_ins_seg: Sat Jun  4 18:44:13 2022
step.make_sem_seg_labels: Sat Jun  4 18:44:45 2022
Resnet50
[/home/bswart/.local/lib/python3.6/site-packages/pkg_resources/__init__.py:119: PkgResourcesDeprecationWarning: 0.18ubuntu0.18.04.1 is an invalid version and will not be supported in a future release
  PkgResourcesDeprecationWarning,
0.5iou:{'ap': array([0.39715207, 0.00202634, 0.5654639 , 0.34876392, 0.15102234,
       0.61048723, 0.3637204 , 0.70200044, 0.0676361 , 0.54147408,
       0.19147512, 0.62435406, 0.52989748, 0.48760967, 0.1783502 ,
       0.06270483, 0.35375707, 0.32871444, 0.58057527, 0.3945846 ]), 'map': 0.3740884790419089}
0 5 10 15 20 25 30 35 40 45 50 55 60 65 70 75 80 85 90 95 100 0.066181422882322430.049920974684835920.14182341890441172,0.19541097750959552iou: [0.8838976  0.72987097 0.35652613 0.79436874 0.63742496 0.66710442
 0.82302028 0.67378875 0.80388371 0.38673538 0.81452665 0.46716432
 0.79723048 0.74420818 0.74511863 0.67918106 0.49539381 0.80074751
 0.58416011 0.66989097 0.58496704] miou: 0.6732956987691759]
step.eval_sem_seg: Sat Jun  4 19:10:41 2022

step.train_cam: Sat Jun  4 21:14:23 2022
Resnet101
Epoch 1/5
/home/bswart/.local/lib/python3.6/site-packages/torch/nn/parallel/data_parallel.py:30: UserWarning: 
    There is an imbalance between your GPUs. You may want to exclude GPU 1 which
    has less than 75% of the memory or cores of GPU 2. You can do so by setting
    the device_ids argument to DataParallel, or by setting the CUDA_VISIBLE_DEVICES
    environment variable.
  warnings.warn(imbalance_warn.format(device_ids[min_pos], device_ids[max_pos]))
step:    0/ 3305 loss:0.7125 imps:2.0 lr: 0.1000 etc:Sun Jun  5 04:42:15 2022
step:  100/ 3305 loss:nan imps:35.0 lr: 0.0973 etc:Sat Jun  4 21:39:40 2022
step:  200/ 3305 loss:nan imps:38.3 lr: 0.0945 etc:Sat Jun  4 21:37:30 2022
step:  300/ 3305 loss:nan imps:39.6 lr: 0.0918 etc:Sat Jun  4 21:36:44 2022
step:  400/ 3305 loss:nan imps:40.4 lr: 0.0890 etc:Sat Jun  4 21:36:20 2022
step:  500/ 3305 loss:nan imps:40.8 lr: 0.0863 etc:Sat Jun  4 21:36:06 2022
step:  600/ 3305 loss:nan imps:41.1 lr: 0.0835 etc:Sat Jun  4 21:35:58 2022
